<?xml version="1.0" encoding="UTF-8"?>
<testng-results skipped="0" failed="0" total="1" passed="1">
  <reporter-output>
  </reporter-output>
  <suite name="Suite" duration-ms="17405" started-at="2021-06-24T14:46:15Z" finished-at="2021-06-24T14:46:33Z">
    <groups>
    </groups>
    <test name="Test" duration-ms="17405" started-at="2021-06-24T14:46:15Z" finished-at="2021-06-24T14:46:33Z">
      <class name="TestCases.LoginTest">
        <test-method status="PASS" signature="setUpTest(java.lang.String)[pri:0, instance:TestCases.LoginTest@17d0578]" name="setUpTest" is-config="true" duration-ms="16565" started-at="2021-06-24T20:16:15Z" finished-at="2021-06-24T20:16:32Z">
          <params>
            <param index="0">
              <value>
                <![CDATA[chrome]]>
              </value>
            </param>
          </params>
          <reporter-output>
          </reporter-output>
        </test-method> <!-- setUpTest -->
        <test-method status="PASS" signature="verifyLogin()[pri:0, instance:TestCases.LoginTest@17d0578]" name="verifyLogin" duration-ms="45" started-at="2021-06-24T20:16:32Z" finished-at="2021-06-24T20:16:32Z">
          <reporter-output>
          </reporter-output>
        </test-method> <!-- verifyLogin -->
        <test-method status="PASS" signature="tearDown()[pri:0, instance:TestCases.LoginTest@17d0578]" name="tearDown" is-config="true" duration-ms="775" started-at="2021-06-24T20:16:32Z" finished-at="2021-06-24T20:16:33Z">
          <reporter-output>
          </reporter-output>
        </test-method> <!-- tearDown -->
      </class> <!-- TestCases.LoginTest -->
    </test> <!-- Test -->
  </suite> <!-- Suite -->
</testng-results>
