<?xml version="1.0" encoding="UTF-8"?>
<testng-results skipped="0" failed="0" ignored="0" total="1" passed="1">
  <reporter-output>
  </reporter-output>
  <suite name="Suite" duration-ms="37310" started-at="2021-06-27T11:21:40Z" finished-at="2021-06-27T11:22:18Z">
    <groups>
    </groups>
    <test name="Test" duration-ms="37310" started-at="2021-06-27T11:21:40Z" finished-at="2021-06-27T11:22:18Z">
      <class name="TestCases.LoginTest">
        <test-method status="PASS" signature="setUpTest(java.lang.String)[pri:0, instance:TestCases.LoginTest@13b32d7]" name="setUpTest" is-config="true" duration-ms="35544" started-at="2021-06-27T11:21:40Z" finished-at="2021-06-27T11:22:16Z">
          <params>
            <param index="0">
              <value>
                <![CDATA[chrome]]>
              </value>
            </param>
          </params>
          <reporter-output>
          </reporter-output>
        </test-method> <!-- setUpTest -->
        <test-method status="PASS" signature="verifyLogin()[pri:0, instance:TestCases.LoginTest@13b32d7]" name="verifyLogin" duration-ms="54" started-at="2021-06-27T11:22:16Z" finished-at="2021-06-27T11:22:16Z">
          <reporter-output>
          </reporter-output>
        </test-method> <!-- verifyLogin -->
        <test-method status="PASS" signature="tearDown()[pri:0, instance:TestCases.LoginTest@13b32d7]" name="tearDown" is-config="true" duration-ms="1646" started-at="2021-06-27T11:22:16Z" finished-at="2021-06-27T11:22:18Z">
          <reporter-output>
          </reporter-output>
        </test-method> <!-- tearDown -->
      </class> <!-- TestCases.LoginTest -->
    </test> <!-- Test -->
  </suite> <!-- Suite -->
</testng-results>
